#
# There is insufficient memory for the Java Runtime Environment to continue.
# Native memory allocation (mmap) failed to map 67108864 bytes for G1 virtual space
# Possible reasons:
#   The system is out of physical RAM or swap space
#   The process is running with CompressedOops enabled, and the Java Heap may be blocking the growth of the native heap
# Possible solutions:
#   Reduce memory load on the system
#   Increase physical memory or swap space
#   Check if swap backing store is full
#   Decrease Java heap size (-Xmx/-Xms)
#   Decrease number of Java threads
#   Decrease Java thread stack sizes (-Xss)
#   Set larger code cache with -XX:ReservedCodeCacheSize=
#   JVM is running with Unscaled Compressed Oops mode in which the Java heap is
#     placed in the first 4GB address space. The Java Heap base address is the
#     maximum limit for the native heap growth. Please use -XX:HeapBaseMinAddress
#     to set the Java Heap base and to place the Java Heap above 4GB virtual address.
# This output file may be truncated or incomplete.
#
#  Out of Memory Error (os_windows.cpp:3550), pid=2292, tid=12044
#
# JRE version:  (17.0.8+9) (build )
# Java VM: Java HotSpot(TM) 64-Bit Server VM (17.0.8+9-LTS-211, mixed mode, sharing, tiered, compressed oops, compressed class ptrs, g1 gc, windows-amd64)
# No core dump will be written. Minidumps are not enabled by default on client versions of Windows
#

---------------  S U M M A R Y ------------

Command Line: -Dclassworlds.conf=C:\Users\USER\OneDrive\Documents\apache-maven-3.9.4\bin\m2.conf -Dmaven.home=C:\Users\USER\OneDrive\Documents\apache-maven-3.9.4 -Dlibrary.jansi.path=C:\Users\USER\OneDrive\Documents\apache-maven-3.9.4\lib\jansi-native -Dmaven.multiModuleProjectDirectory=C:\Users\USER\OneDrive\Desktop\timesheet-devops org.codehaus.plexus.classworlds.launcher.Launcher deploy

Host: Intel(R) Core(TM) i5-8250U CPU @ 1.60GHz, 8 cores, 3G,  Windows 10 , 64 bit Build 19041 (10.0.19041.3636)
Time: Wed Dec  6 21:17:12 2023 Afr. centrale Ouest elapsed time: 0.057500 seconds (0d 0h 0m 0s)

---------------  T H R E A D  ---------------

Current thread (0x0000022f700faf90):  JavaThread "Unknown thread" [_thread_in_vm, id=12044, stack(0x000000c07b100000,0x000000c07b200000)]

Stack: [0x000000c07b100000,0x000000c07b200000]
Native frames: (J=compiled Java code, j=interpreted, Vv=VM code, C=native code)
V  [jvm.dll+0x677d0a]
V  [jvm.dll+0x7d8c54]
V  [jvm.dll+0x7da3fe]
V  [jvm.dll+0x7daa63]
V  [jvm.dll+0x245c5f]
V  [jvm.dll+0x674bb9]
V  [jvm.dll+0x6694f2]
V  [jvm.dll+0x3031d6]
V  [jvm.dll+0x30a756]
V  [jvm.dll+0x359f9e]
V  [jvm.dll+0x35a1cf]
V  [jvm.dll+0x2da3e8]
V  [jvm.dll+0x2db354]
V  [jvm.dll+0x7aa711]
V  [jvm.dll+0x367b51]
V  [jvm.dll+0x789979]
V  [jvm.dll+0x3eb05f]
V  [jvm.dll+0x3ecae1]
C  [jli.dll+0x5297]
C  [ucrtbase.dll+0x21bb2]
C  [KERNEL32.DLL+0x17344]
C  [ntdll.dll+0x526b1]


---------------  P R O C E S S  ---------------

Threads class SMR info:
_java_thread_list=0x00007ffdb28459d8, length=0, elements={
}

Java Threads: ( => current thread )

Other Threads:
  0x0000022f7224d580 GCTaskThread "GC Thread#0" [stack: 0x000000c07b200000,0x000000c07b300000] [id=6520]
  0x0000022f72256100 ConcurrentGCThread "G1 Main Marker" [stack: 0x000000c07b300000,0x000000c07b400000] [id=11732]
  0x0000022f72257b20 ConcurrentGCThread "G1 Conc#0" [stack: 0x000000c07b400000,0x000000c07b500000] [id=3620]

[error occurred during error reporting (printing all threads), id 0xc0000005, EXCEPTION_ACCESS_VIOLATION (0xc0000005) at pc=0x00007ffdb207b047]

VM state: not at safepoint (not fully initialized)

VM Mutex/Monitor currently owned by a thread:  ([mutex/lock_event])
[0x0000022f722116b0] Heap_lock - owner thread: 0x0000022f700faf90

Heap address: 0x00000000c1e00000, size: 994 MB, Compressed Oops mode: 32-bit

CDS archive(s) mapped at: [0x0000000000000000-0x0000000000000000-0x0000000000000000), size 0, SharedBaseAddress: 0x0000000800000000, ArchiveRelocationMode: 1.
Narrow klass base: 0x0000000000000000, Narrow klass shift: 0, Narrow klass range: 0x0

GC Precious Log:
<Empty>

Heap:
 garbage-first heap   total 0K, used 0K [0x00000000c1e00000, 0x0000000100000000)
  region size 1024K, 0 young (0K), 0 survivors (0K)

[error occurred during error reporting (printing heap information), id 0xc0000005, EXCEPTION_ACCESS_VIOLATION (0xc0000005) at pc=0x00007ffdb2461499]

GC Heap History (0 events):
No events

Deoptimization events (0 events):
No events

Classes unloaded (0 events):
No events

Classes redefined (0 events):
No events

Internal exceptions (0 events):
No events

VM Operations (0 events):
No events

Events (1 events):
Event: 0.039 Loaded shared library C:\Program Files\Java\jdk-17\bin\java.dll


Dynamic libraries:
0x00007ff69bc60000 - 0x00007ff69bc70000 	C:\Program Files\Java\jdk-17\bin\java.exe
0x00007ffdcf910000 - 0x00007ffdcfb08000 	C:\Windows\SYSTEM32\ntdll.dll
0x00007ffdcf130000 - 0x00007ffdcf1ed000 	C:\Windows\System32\KERNEL32.DLL
0x00007ffdcd430000 - 0x00007ffdcd726000 	C:\Windows\System32\KERNELBASE.dll
0x00007ffdcd330000 - 0x00007ffdcd430000 	C:\Windows\System32\ucrtbase.dll
0x00007ffdb2ed0000 - 0x00007ffdb2ee9000 	C:\Program Files\Java\jdk-17\bin\jli.dll
0x00007ffdb2eb0000 - 0x00007ffdb2ecb000 	C:\Program Files\Java\jdk-17\bin\VCRUNTIME140.dll
0x00007ffdce150000 - 0x00007ffdce1ff000 	C:\Windows\System32\ADVAPI32.dll
0x00007ffdcf830000 - 0x00007ffdcf8ce000 	C:\Windows\System32\msvcrt.dll
0x00007ffdcf1f0000 - 0x00007ffdcf28c000 	C:\Windows\System32\sechost.dll
0x00007ffdcdf00000 - 0x00007ffdce026000 	C:\Windows\System32\RPCRT4.dll
0x00007ffdcef90000 - 0x00007ffdcf12e000 	C:\Windows\System32\USER32.dll
0x00007ffdcd2b0000 - 0x00007ffdcd2d2000 	C:\Windows\System32\win32u.dll
0x00007ffdcd970000 - 0x00007ffdcd99c000 	C:\Windows\System32\GDI32.dll
0x00007ffdcd850000 - 0x00007ffdcd96a000 	C:\Windows\System32\gdi32full.dll
0x00007ffdcd180000 - 0x00007ffdcd21d000 	C:\Windows\System32\msvcp_win.dll
0x00007ffdb8300000 - 0x00007ffdb859a000 	C:\Windows\WinSxS\amd64_microsoft.windows.common-controls_6595b64144ccf1df_6.0.19041.3636_none_60b6a03d71f818d5\COMCTL32.dll
0x00007ffdc7a20000 - 0x00007ffdc7a2a000 	C:\Windows\SYSTEM32\VERSION.dll
0x00007ffdce220000 - 0x00007ffdce250000 	C:\Windows\System32\IMM32.DLL
0x00007ffdb2d60000 - 0x00007ffdb2d6c000 	C:\Program Files\Java\jdk-17\bin\vcruntime140_1.dll
0x00007ffdb2cb0000 - 0x00007ffdb2d3e000 	C:\Program Files\Java\jdk-17\bin\msvcp140.dll
0x00007ffdb1d90000 - 0x00007ffdb296e000 	C:\Program Files\Java\jdk-17\bin\server\jvm.dll
0x00007ffdbcad0000 - 0x00007ffdbcaf7000 	C:\Windows\SYSTEM32\WINMM.dll
0x00007ffdcea60000 - 0x00007ffdcea68000 	C:\Windows\System32\PSAPI.DLL
0x00007ffdba800000 - 0x00007ffdba809000 	C:\Windows\SYSTEM32\WSOCK32.dll
0x00007ffdcea70000 - 0x00007ffdceadb000 	C:\Windows\System32\WS2_32.dll
0x00007ffdcaeb0000 - 0x00007ffdcaec2000 	C:\Windows\SYSTEM32\kernel.appcore.dll
0x00007ffdb2a40000 - 0x00007ffdb2a4a000 	C:\Program Files\Java\jdk-17\bin\jimage.dll
0x00007ffdb8090000 - 0x00007ffdb8274000 	C:\Windows\SYSTEM32\DBGHELP.DLL
0x00007ffdb2a00000 - 0x00007ffdb2a34000 	C:\Windows\SYSTEM32\dbgcore.DLL
0x00007ffdcd220000 - 0x00007ffdcd2a2000 	C:\Windows\System32\bcryptPrimitives.dll
0x00007ffdb1810000 - 0x00007ffdb1835000 	C:\Program Files\Java\jdk-17\bin\java.dll

dbghelp: loaded successfully - version: 4.0.5 - missing functions: none
symbol engine: initialized successfully - sym options: 0x614 - pdb path: .;C:\Program Files\Java\jdk-17\bin;C:\Windows\SYSTEM32;C:\Windows\WinSxS\amd64_microsoft.windows.common-controls_6595b64144ccf1df_6.0.19041.3636_none_60b6a03d71f818d5;C:\Program Files\Java\jdk-17\bin\server

VM Arguments:
jvm_args: -Dclassworlds.conf=C:\Users\USER\OneDrive\Documents\apache-maven-3.9.4\bin\m2.conf -Dmaven.home=C:\Users\USER\OneDrive\Documents\apache-maven-3.9.4 -Dlibrary.jansi.path=C:\Users\USER\OneDrive\Documents\apache-maven-3.9.4\lib\jansi-native -Dmaven.multiModuleProjectDirectory=C:\Users\USER\OneDrive\Desktop\timesheet-devops 
java_command: org.codehaus.plexus.classworlds.launcher.Launcher deploy
java_class_path (initial): C:\Users\USER\OneDrive\Documents\apache-maven-3.9.4\boot\plexus-classworlds-2.7.0.jar
Launcher Type: SUN_STANDARD

[Global flags]
     intx CICompilerCount                          = 4                                         {product} {ergonomic}
     uint ConcGCThreads                            = 2                                         {product} {ergonomic}
     uint G1ConcRefinementThreads                  = 8                                         {product} {ergonomic}
   size_t G1HeapRegionSize                         = 1048576                                   {product} {ergonomic}
    uintx GCDrainStackTargetSize                   = 64                                        {product} {ergonomic}
   size_t InitialHeapSize                          = 67108864                                  {product} {ergonomic}
   size_t MarkStackSize                            = 4194304                                   {product} {ergonomic}
   size_t MaxHeapSize                              = 1042284544                                {product} {ergonomic}
   size_t MinHeapDeltaBytes                        = 1048576                                   {product} {ergonomic}
   size_t MinHeapSize                              = 8388608                                   {product} {ergonomic}
    uintx NonNMethodCodeHeapSize                   = 5839372                                {pd product} {ergonomic}
    uintx NonProfiledCodeHeapSize                  = 122909434                              {pd product} {ergonomic}
    uintx ProfiledCodeHeapSize                     = 122909434                              {pd product} {ergonomic}
    uintx ReservedCodeCacheSize                    = 251658240                              {pd product} {ergonomic}
     bool SegmentedCodeCache                       = true                                      {product} {ergonomic}
   size_t SoftMaxHeapSize                          = 1042284544                             {manageable} {ergonomic}
     bool UseCompressedClassPointers               = true                           {product lp64_product} {ergonomic}
     bool UseCompressedOops                        = true                           {product lp64_product} {ergonomic}
     bool UseG1GC                                  = true                                      {product} {ergonomic}
     bool UseLargePagesIndividualAllocation        = false                                  {pd product} {ergonomic}

Logging:
Log output configuration:
 #0: stdout all=warning uptime,level,tags
 #1: stderr all=off uptime,level,tags

Environment Variables:
JAVA_HOME=C:\Program Files\Java\jdk-17
PATH=C:\Program Files\Common Files\Oracle\Java\javapath;C:\oraclexe\app\oracle\product\11.2.0\server\bin;C:\Windows\system32;C:\Windows;C:\Windows\System32\Wbem;C:\Windows\System32\WindowsPowerShell\v1.0\;C:\Windows\System32\OpenSSH\;C:\flutter_windows_2.8.1-stable.zip\flutter\bin;C:\ProgramData\ComposerSetup\bin;C:\ProgramData\chocolatey\bin;C:\Program Files\nodejs\;C:\Program Files (x86)\MySQL\MySQL Server 5.5\bin;C:\Users\USER\AppData\Local\Programs\Python\Python312\Scripts\;C:\Users\USER\AppData\Local\Programs\Python\Python312\;C:\Users\USER\AppData\Local\Programs\Python\Python310\Scripts\;C:\Users\USER\AppData\Local\Programs\Python\Python310\;C:\Users\USER\AppData\Local\Microsoft\WindowsApps;C:\Users\USER\AppData\Local\Programs\Microsoft VS Code\bin;C:\xampp\php;C:\Users\USER\composer1;C:\Users\USER\AppData\Roaming\Composer\vendor\bin;C:\wamp64\bin\php\php7.3.21;C:\Users\USER\AppData\Local\ComposerSetup\bin;C:\Users\USER\composer;C:\xampp2\php;C:\Users\USER\AppData\Roaming\npm;C:\Users\USER\OneDrive\Documents\apache-maven-3.9.4\bin;C:\Program Files\Java\jdk-17\bin;;C:\Program Files\JetBrains\IntelliJ IDEA Community Edition 2023.2.2\bin;
USERNAME=USER
OS=Windows_NT
PROCESSOR_IDENTIFIER=Intel64 Family 6 Model 142 Stepping 10, GenuineIntel



---------------  S Y S T E M  ---------------

OS:
 Windows 10 , 64 bit Build 19041 (10.0.19041.3636)
OS uptime: 0 days 10:17 hours

CPU: total 8 (initial active 8) (4 cores per cpu, 2 threads per core) family 6 model 142 stepping 10 microcode 0xb4, cx8, cmov, fxsr, ht, mmx, 3dnowpref, sse, sse2, sse3, ssse3, sse4.1, sse4.2, popcnt, lzcnt, tsc, tscinvbit, avx, avx2, aes, erms, clmul, bmi1, bmi2, adx, fma, vzeroupper, clflush, clflushopt

Memory: 4k page, system-wide physical 3970M (218M free)
TotalPageFile size 16258M (AvailPageFile size 48M)
current process WorkingSet (physical memory assigned to process): 9M, peak: 9M
current process commit charge ("private bytes"): 59M, peak: 123M

vm_info: Java HotSpot(TM) 64-Bit Server VM (17.0.8+9-LTS-211) for windows-amd64 JRE (17.0.8+9-LTS-211), built on Jun 14 2023 10:34:31 by "mach5one" with MS VC++ 17.1 (VS2022)

END.
